9152 752
12728 736
16401 728
22932 711
27515 711
34729 696
47761 807
49787 812
60036 796
65981 799
73414 775
79326 760
83025 752
86061 799
89178 816
95451 796
99323 783
104764 807
110641 796
113887 807
117191 807
123846 783
129979 768
132945 798
140977 768
149919 750
155340 774
159921 803
165454 799
167950 803
176409 807
179410 807
191000 774
201243 816
203483 803
206182 816
208461 824
210897 838
216498 819
221830 831
226569 817
229574 831
235675 803
241956 792
249623 806
259867 768
273224 736
278852 736
284358 719
289243 742
295406 736
302361 728
306173 728
310748 743
